[main 84c0478] Auto commit on 2025-10-16 20:05:56
 4 files changed, 171260 insertions(+), 1454984 deletions(-)
 create mode 100644 CDR_yearly.csv
 create mode 100644 CDRofnonculledcowsyearly.csv
 create mode 100644 git_auto_push.log
ssh: Could not resolve hostname github.com: Temporary failure in name resolution
fatal: Could not read from remote repository.

Please make sure you have the correct access rights
and the repository exists.
[Thu Oct 16 20:06:06 CDT 2025] Changes committed and pushed successfully.
[main 568f15d] Auto commit on 2025-10-17 18:00:02
 1 file changed, 11 insertions(+)
To github.com:rajeshneupane7/merging.git
   d0afcf1..568f15d  main -> main
[Fri Oct 17 18:00:06 CDT 2025] Changes committed and pushed successfully.
[main 5575f89] Auto commit on 2025-10-18 18:00:01
 1 file changed, 5 insertions(+)
To github.com:rajeshneupane7/merging.git
   568f15d..5575f89  main -> main
[Sat Oct 18 18:00:02 CDT 2025] Changes committed and pushed successfully.
[main c120b20] Auto commit on 2025-10-19 18:00:02
 1 file changed, 5 insertions(+)
To github.com:rajeshneupane7/merging.git
   5575f89..c120b20  main -> main
[Sun Oct 19 18:00:03 CDT 2025] Changes committed and pushed successfully.
